 --- Init ---
Level 5
 --- Bot used 41 milliseconds ---
-----------------------------------------------------------------------------
 --- Frame #1 ---
15 7 2
 --- Bot used 1 milliseconds ---
-----------------------------------------------------------------------------
 --- Frame #2 ---
15 7 0 16 7 0
 --- Bot used 1 milliseconds ---
-----------------------------------------------------------------------------
 --- Frame #3 ---
15 7 0 16 7 0
 --- Bot used 1 milliseconds ---
-----------------------------------------------------------------------------
 --- Frame #4 ---
15 7 0 16 7 0
 --- Bot used 0 milliseconds ---
-----------------------------------------------------------------------------
 --- Frame #5 ---
15 7 0 16 7 0
 --- Bot used 1 milliseconds ---
-----------------------------------------------------------------------------
 --- Frame #6 ---
15 7 0 16 7 0
 --- Bot used 0 milliseconds ---
-----------------------------------------------------------------------------
 --- Frame #7 ---
15 7 0 16 7 0
 --- Bot used 0 milliseconds ---
-----------------------------------------------------------------------------
 --- Frame #8 ---
15 7 0 16 7 0
 --- Bot used 1 milliseconds ---
-----------------------------------------------------------------------------
 --- Frame #9 ---
15 7 0 16 7 0
 --- Bot used 1 milliseconds ---
-----------------------------------------------------------------------------
 --- Frame #10 ---
15 7 0 16 7 0
 --- Bot used 2 milliseconds ---
-----------------------------------------------------------------------------
 --- Frame #11 ---
15 7 0 16 7 0
 --- Bot used 2 milliseconds ---
-----------------------------------------------------------------------------
 --- Frame #12 ---
15 7 0 16 7 3
 --- Bot used 1 milliseconds ---
-----------------------------------------------------------------------------
 --- Frame #13 ---
15 7 0 16 7 0 16 8 0
 --- Bot used 0 milliseconds ---
-----------------------------------------------------------------------------
 --- Frame #14 ---
15 7 0 16 7 0 16 8 0
 --- Bot used 1 milliseconds ---
-----------------------------------------------------------------------------
 --- Frame #15 ---
15 7 0 16 7 0 16 8 0
 --- Bot used 1 milliseconds ---
-----------------------------------------------------------------------------
 --- Frame #16 ---
15 7 0 16 7 0 16 8 0
 --- Bot used 1 milliseconds ---
-----------------------------------------------------------------------------
 --- Frame #17 ---
15 7 0 16 7 0 16 8 0
 --- Bot used 1 milliseconds ---
-----------------------------------------------------------------------------
 --- Frame #18 ---
15 7 0 16 7 0 16 8 0
 --- Bot used 0 milliseconds ---
-----------------------------------------------------------------------------
 --- Frame #19 ---
Traceback (most recent call last):
 --- Bot used 95 milliseconds ---
ERRORED!
Response received (if any):
Traceback (most recent call last):
 --- Bot was killed. Below is the rest of its output (if any): ---
  File "../bot.py", line 14, in <module>
    moves = [strategy.decide_move(square) for square in game_map if square.owner == myID]
  File "../bot.py", line 14, in <listcomp>
    moves = [strategy.decide_move(square) for square in game_map if square.owner == myID]
  File "/home/toothless/Desktop/coveo_training/bots/practice_bot/level_5/src/strategy.py", line 18, in decide_move
    direction = self._find_best_border_direction(square)
  File "/home/toothless/Desktop/coveo_training/bots/practice_bot/level_5/src/strategy.py", line 23, in _find_best_border_direction
    foreign_squares.sort( key=lambda fs: fs.production, reverse=true)
NameError: name 'true' is not defined

 --- End bot output ---