 --- Init ---
Level 4
 --- Bot used 27 milliseconds ---
-----------------------------------------------------------------------------
 --- Frame #1 ---
7 15 3
 --- Bot used 0 milliseconds ---
-----------------------------------------------------------------------------
 --- Frame #2 ---
7 15 0 7 16 0
 --- Bot used 1 milliseconds ---
-----------------------------------------------------------------------------
 --- Frame #3 ---
7 15 0 7 16 0
 --- Bot used 0 milliseconds ---
-----------------------------------------------------------------------------
 --- Frame #4 ---
7 15 0 7 16 0
 --- Bot used 1 milliseconds ---
-----------------------------------------------------------------------------
 --- Frame #5 ---
7 15 0 7 16 0
 --- Bot used 1 milliseconds ---
-----------------------------------------------------------------------------
 --- Frame #6 ---
7 15 0 7 16 3
 --- Bot used 1 milliseconds ---
-----------------------------------------------------------------------------
 --- Frame #7 ---
7 15 0 7 16 0 7 17 0
 --- Bot used 1 milliseconds ---
-----------------------------------------------------------------------------
 --- Frame #8 ---
7 15 0 7 16 0 7 17 0
 --- Bot used 1 milliseconds ---
-----------------------------------------------------------------------------
 --- Frame #9 ---
7 15 0 7 16 0 7 17 0
 --- Bot used 1 milliseconds ---
-----------------------------------------------------------------------------
 --- Frame #10 ---
7 15 0 7 16 0 7 17 0
 --- Bot used 0 milliseconds ---
-----------------------------------------------------------------------------
 --- Frame #11 ---
7 15 0 7 16 0 7 17 0
 --- Bot used 0 milliseconds ---
-----------------------------------------------------------------------------
 --- Frame #12 ---
7 15 0 7 16 0 7 17 0
 --- Bot used 0 milliseconds ---
-----------------------------------------------------------------------------
 --- Frame #13 ---
7 15 0 7 16 0 7 17 0
 --- Bot used 1 milliseconds ---
-----------------------------------------------------------------------------
 --- Frame #14 ---
7 15 0 7 16 0 7 17 0
 --- Bot used 0 milliseconds ---
-----------------------------------------------------------------------------
 --- Frame #15 ---
Traceback (most recent call last):
 --- Bot used 70 milliseconds ---
ERRORED!
Response received (if any):
Traceback (most recent call last):
 --- Bot was killed. Below is the rest of its output (if any): ---
  File "../bot.py", line 14, in <module>
    moves = [strategy.decide_move(square) for square in game_map if square.owner == myID]
  File "../bot.py", line 14, in <listcomp>
    moves = [strategy.decide_move(square) for square in game_map if square.owner == myID]
  File "/home/toothless/Desktop/coveo_training/bots/practice_bot/level_4/src/strategy.py", line 18, in decide_move
    direction = self._find_border_direction(square)
  File "/home/toothless/Desktop/coveo_training/bots/practice_bot/level_4/src/strategy.py", line 22, in _find_border_direction
    foreign_squares = [square for square in self.game_map if square.owner != myID]
  File "/home/toothless/Desktop/coveo_training/bots/practice_bot/level_4/src/strategy.py", line 22, in <listcomp>
    foreign_squares = [square for square in self.game_map if square.owner != myID]
NameError: name 'myID' is not defined

 --- End bot output ---