 --- Init ---
Level 4
 --- Bot used 65 milliseconds ---
-----------------------------------------------------------------------------
 --- Frame #1 ---
15 7 2
 --- Bot used 1 milliseconds ---
-----------------------------------------------------------------------------
 --- Frame #2 ---
15 7 0 16 7 0
 --- Bot used 1 milliseconds ---
-----------------------------------------------------------------------------
 --- Frame #3 ---
15 7 0 16 7 0
 --- Bot used 0 milliseconds ---
-----------------------------------------------------------------------------
 --- Frame #4 ---
15 7 0 16 7 0
 --- Bot used 1 milliseconds ---
-----------------------------------------------------------------------------
 --- Frame #5 ---
15 7 0 16 7 0
 --- Bot used 1 milliseconds ---
-----------------------------------------------------------------------------
 --- Frame #6 ---
15 7 0 16 7 0
 --- Bot used 1 milliseconds ---
-----------------------------------------------------------------------------
 --- Frame #7 ---
15 7 0 16 7 0
 --- Bot used 1 milliseconds ---
-----------------------------------------------------------------------------
 --- Frame #8 ---
Traceback (most recent call last):
 --- Bot used 76 milliseconds ---
ERRORED!
Response received (if any):
Traceback (most recent call last):
 --- Bot was killed. Below is the rest of its output (if any): ---
  File "../bot.py", line 15, in <module>
    hlt.send_frame(moves)
  File "/home/toothless/Desktop/coveo_training/bots/practice_bot/level_4/src/hlt.py", line 111, in send_frame
    send_string(' '.join(str(move.square.x) + ' ' + str(move.square.y) + ' ' + str(translate_cardinal(move.direction)) for move in moves))
  File "/home/toothless/Desktop/coveo_training/bots/practice_bot/level_4/src/hlt.py", line 111, in <genexpr>
    send_string(' '.join(str(move.square.x) + ' ' + str(move.square.y) + ' ' + str(translate_cardinal(move.direction)) for move in moves))
  File "/home/toothless/Desktop/coveo_training/bots/practice_bot/level_4/src/hlt.py", line 107, in translate_cardinal
    return (direction + 1) % 5
TypeError: unsupported operand type(s) for +: 'NoneType' and 'int'

 --- End bot output ---